0 info it worked if it ends with ok
1 verbose cli [ '/usr/bin/nodejs', '/usr/bin/npm', 'install', 'https' ]
2 info using npm@1.2.18
3 info using node@v0.10.15
4 verbose read json /home/siddharth/Documents/lahacks/package.json
5 verbose read json /home/siddharth/Documents/lahacks/node_modules/express/package.json
6 verbose read json /home/siddharth/Documents/lahacks/node_modules/jade/package.json
7 verbose read json /home/siddharth/Documents/lahacks/node_modules/oauth/package.json
8 verbose read json /home/siddharth/Documents/lahacks/node_modules/twitter/package.json
9 verbose from cache /home/siddharth/Documents/lahacks/package.json
10 verbose readDependencies using package.json deps
11 verbose cache add [ 'https', null ]
12 verbose cache add name=undefined spec="https" args=["https",null]
13 verbose parsed url { protocol: null,
13 verbose parsed url   slashes: null,
13 verbose parsed url   auth: null,
13 verbose parsed url   host: null,
13 verbose parsed url   port: null,
13 verbose parsed url   hostname: null,
13 verbose parsed url   hash: null,
13 verbose parsed url   search: null,
13 verbose parsed url   query: null,
13 verbose parsed url   pathname: 'https',
13 verbose parsed url   path: 'https',
13 verbose parsed url   href: 'https' }
14 silly lockFile c3437dbc-https https
15 verbose lock https /home/siddharth/.npm/c3437dbc-https.lock
16 silly lockFile c3437dbc-https https
17 silly lockFile c3437dbc-https https
18 verbose addNamed [ 'https', '' ]
19 verbose addNamed [ null, '*' ]
20 silly lockFile 421d451a-https https@
21 verbose lock https@ /home/siddharth/.npm/421d451a-https.lock
22 silly addNameRange { name: 'https', range: '*', hasData: false }
23 verbose url raw https
24 verbose url resolving [ 'https://registry.npmjs.org/', './https' ]
25 verbose url resolved https://registry.npmjs.org/https
26 info trying registry request attempt 1 at 03:09:23
27 http GET https://registry.npmjs.org/https
28 http 404 https://registry.npmjs.org/https
29 silly registry.get cb [ 404,
29 silly registry.get   { date: 'Sat, 12 Apr 2014 10:09:30 GMT',
29 silly registry.get     server: 'CouchDB/1.5.0 (Erlang OTP/R14B04)',
29 silly registry.get     'content-type': 'application/json',
29 silly registry.get     via: '1.1 varnish',
29 silly registry.get     'cache-control': 'max-age=0',
29 silly registry.get     'content-length': '52',
29 silly registry.get     'accept-ranges': 'bytes',
29 silly registry.get     age: '0',
29 silly registry.get     'x-served-by': 'cache-v42-ASH, cache-d98-DAL',
29 silly registry.get     'x-cache': 'MISS, MISS',
29 silly registry.get     'x-cache-hits': '0, 0',
29 silly registry.get     'x-timer': 'S1397297370.854139090,VS0,VS19,VE29,VE43',
29 silly registry.get     'keep-alive': 'timeout=10, max=50',
29 silly registry.get     connection: 'Keep-Alive' } ]
30 silly lockFile 421d451a-https https@
31 silly lockFile 421d451a-https https@
32 error 404 'https' is not in the npm registry.
32 error 404 You should bug the author to publish it
32 error 404
32 error 404 Note that you can also install from a
32 error 404 tarball, folder, or http url, or git url.
33 error System Linux 3.11.0-18-generic
34 error command "/usr/bin/nodejs" "/usr/bin/npm" "install" "https"
35 error cwd /home/siddharth/Documents/lahacks
36 error node -v v0.10.15
37 error npm -v 1.2.18
38 error code E404
39 verbose exit [ 1, true ]
